22:15:41.640 [main] INFO  c.m.smax.Application - [logStarting,50] - Starting Application on tzhutp with PID 27184 (C:\OLD\IDEA_Projects\Dev\SMAX-restful\target\classes started by tzhu in C:\OLD\IDEA_Projects\Dev\SMAX-restful)
22:15:41.644 [main] INFO  c.m.smax.Application - [logStartupProfileInfo,650] - The following profiles are active: dev
22:15:43.114 [main] INFO  o.a.c.h.Http11NioProtocol - [log,173] - Initializing ProtocolHandler ["http-nio-8000"]
22:15:43.122 [main] INFO  o.a.c.c.StandardService - [log,173] - Starting service [Tomcat]
22:15:43.123 [main] INFO  o.a.c.c.StandardEngine - [log,173] - Starting Servlet engine: [Apache Tomcat/9.0.21]
22:15:43.293 [main] INFO  o.a.c.c.C.[.[.[/SMAX-Restful] - [log,173] - Initializing Spring embedded WebApplicationContext
22:15:43.756 [main] INFO  s.d.s.w.PropertySourcedRequestMappingHandlerMapping - [initHandlerMethods,69] - Mapped URL path [/v2/api-docs] onto method [public org.springframework.http.ResponseEntity<springfox.documentation.spring.web.json.Json> springfox.documentation.swagger2.web.Swagger2Controller.getDocumentation(java.lang.String,javax.servlet.http.HttpServletRequest)]
22:15:44.539 [main] INFO  s.d.s.w.p.DocumentationPluginsBootstrapper - [start,147] - Context refreshed
22:15:44.560 [main] INFO  s.d.s.w.p.DocumentationPluginsBootstrapper - [start,150] - Found 1 custom documentation plugin(s)
22:15:44.597 [main] INFO  s.d.s.w.s.ApiListingReferenceScanner - [scan,41] - Scanning for api listing references
22:15:44.763 [main] INFO  o.a.c.h.Http11NioProtocol - [log,173] - Starting ProtocolHandler ["http-nio-8000"]
22:15:44.798 [main] INFO  c.m.smax.Application - [logStarted,59] - Started Application in 3.628 seconds (JVM running for 5.569)
22:15:44.800 [main] INFO  c.m.smax.Application - [main,20] - SMAX集成服务项目启动
22:15:44.801 [main] INFO  c.m.i.Constants - [Initialize,43] - begin---------
22:15:44.802 [main] INFO  c.m.i.Constants - [Initialize,44] - begin---------
22:18:00.315 [main] INFO  c.m.smax.Application - [logStarting,50] - Starting Application on tzhutp with PID 48756 (C:\OLD\IDEA_Projects\Dev\SMAX-restful\target\classes started by tzhu in C:\OLD\IDEA_Projects\Dev\SMAX-restful)
22:18:00.320 [main] INFO  c.m.smax.Application - [logStartupProfileInfo,650] - The following profiles are active: dev
22:18:02.136 [main] INFO  o.a.c.h.Http11NioProtocol - [log,173] - Initializing ProtocolHandler ["http-nio-8000"]
22:18:02.143 [main] INFO  o.a.c.c.StandardService - [log,173] - Starting service [Tomcat]
22:18:02.144 [main] INFO  o.a.c.c.StandardEngine - [log,173] - Starting Servlet engine: [Apache Tomcat/9.0.21]
22:18:02.328 [main] INFO  o.a.c.c.C.[.[.[/SMAX-Restful] - [log,173] - Initializing Spring embedded WebApplicationContext
22:18:02.745 [main] INFO  s.d.s.w.PropertySourcedRequestMappingHandlerMapping - [initHandlerMethods,69] - Mapped URL path [/v2/api-docs] onto method [public org.springframework.http.ResponseEntity<springfox.documentation.spring.web.json.Json> springfox.documentation.swagger2.web.Swagger2Controller.getDocumentation(java.lang.String,javax.servlet.http.HttpServletRequest)]
22:18:03.575 [main] INFO  s.d.s.w.p.DocumentationPluginsBootstrapper - [start,147] - Context refreshed
22:18:03.594 [main] INFO  s.d.s.w.p.DocumentationPluginsBootstrapper - [start,150] - Found 1 custom documentation plugin(s)
22:18:03.635 [main] INFO  s.d.s.w.s.ApiListingReferenceScanner - [scan,41] - Scanning for api listing references
22:18:03.807 [main] INFO  o.a.c.h.Http11NioProtocol - [log,173] - Starting ProtocolHandler ["http-nio-8000"]
22:18:03.836 [main] INFO  c.m.smax.Application - [logStarted,59] - Started Application in 3.989 seconds (JVM running for 5.787)
22:18:03.839 [main] INFO  c.m.smax.Application - [main,20] - SMAX集成服务项目启动
22:18:03.840 [main] INFO  c.m.i.Constants - [Initialize,43] - begin---------
22:18:03.841 [main] INFO  c.m.i.Constants - [Initialize,44] - begin---------
22:20:36.328 [main] INFO  c.m.smax.Application - [logStarting,50] - Starting Application on tzhutp with PID 47964 (C:\OLD\IDEA_Projects\Dev\SMAX-restful\target\classes started by tzhu in C:\OLD\IDEA_Projects\Dev\SMAX-restful)
22:20:36.334 [main] INFO  c.m.smax.Application - [logStartupProfileInfo,650] - The following profiles are active: dev
22:20:38.024 [main] INFO  o.a.c.h.Http11NioProtocol - [log,173] - Initializing ProtocolHandler ["http-nio-8000"]
22:20:38.032 [main] INFO  o.a.c.c.StandardService - [log,173] - Starting service [Tomcat]
22:20:38.033 [main] INFO  o.a.c.c.StandardEngine - [log,173] - Starting Servlet engine: [Apache Tomcat/9.0.21]
22:20:38.241 [main] INFO  o.a.c.c.C.[.[.[/SMAX-Restful] - [log,173] - Initializing Spring embedded WebApplicationContext
22:20:38.704 [main] INFO  s.d.s.w.PropertySourcedRequestMappingHandlerMapping - [initHandlerMethods,69] - Mapped URL path [/v2/api-docs] onto method [public org.springframework.http.ResponseEntity<springfox.documentation.spring.web.json.Json> springfox.documentation.swagger2.web.Swagger2Controller.getDocumentation(java.lang.String,javax.servlet.http.HttpServletRequest)]
22:20:39.528 [main] INFO  s.d.s.w.p.DocumentationPluginsBootstrapper - [start,147] - Context refreshed
22:20:39.546 [main] INFO  s.d.s.w.p.DocumentationPluginsBootstrapper - [start,150] - Found 1 custom documentation plugin(s)
22:20:39.586 [main] INFO  s.d.s.w.s.ApiListingReferenceScanner - [scan,41] - Scanning for api listing references
22:20:39.749 [main] INFO  o.a.c.h.Http11NioProtocol - [log,173] - Starting ProtocolHandler ["http-nio-8000"]
22:20:39.781 [main] INFO  c.m.smax.Application - [logStarted,59] - Started Application in 3.921 seconds (JVM running for 5.885)
22:20:39.784 [main] INFO  c.m.smax.Application - [main,20] - SMAX集成服务项目启动
22:20:39.785 [main] INFO  c.m.i.Constants - [Initialize,43] - begin---------
22:20:39.785 [main] INFO  c.m.i.Constants - [Initialize,44] - begin---------
22:21:01.686 [main] INFO  c.m.smax.Application - [logStarting,50] - Starting Application on tzhutp with PID 4336 (C:\OLD\IDEA_Projects\Dev\SMAX-restful\target\classes started by tzhu in C:\OLD\IDEA_Projects\Dev\SMAX-restful)
22:21:01.689 [main] INFO  c.m.smax.Application - [logStartupProfileInfo,650] - The following profiles are active: dev
22:21:03.430 [main] INFO  o.a.c.h.Http11NioProtocol - [log,173] - Initializing ProtocolHandler ["http-nio-8000"]
22:21:03.438 [main] INFO  o.a.c.c.StandardService - [log,173] - Starting service [Tomcat]
22:21:03.438 [main] INFO  o.a.c.c.StandardEngine - [log,173] - Starting Servlet engine: [Apache Tomcat/9.0.21]
22:21:03.613 [main] INFO  o.a.c.c.C.[.[.[/SMAX-Restful] - [log,173] - Initializing Spring embedded WebApplicationContext
22:21:04.002 [main] INFO  s.d.s.w.PropertySourcedRequestMappingHandlerMapping - [initHandlerMethods,69] - Mapped URL path [/v2/api-docs] onto method [public org.springframework.http.ResponseEntity<springfox.documentation.spring.web.json.Json> springfox.documentation.swagger2.web.Swagger2Controller.getDocumentation(java.lang.String,javax.servlet.http.HttpServletRequest)]
22:21:04.917 [main] INFO  s.d.s.w.p.DocumentationPluginsBootstrapper - [start,147] - Context refreshed
22:21:04.934 [main] INFO  s.d.s.w.p.DocumentationPluginsBootstrapper - [start,150] - Found 1 custom documentation plugin(s)
22:21:04.972 [main] INFO  s.d.s.w.s.ApiListingReferenceScanner - [scan,41] - Scanning for api listing references
22:21:05.143 [main] INFO  o.a.c.h.Http11NioProtocol - [log,173] - Starting ProtocolHandler ["http-nio-8000"]
22:21:05.175 [main] INFO  c.m.smax.Application - [logStarted,59] - Started Application in 3.959 seconds (JVM running for 5.805)
22:21:05.178 [main] INFO  c.m.smax.Application - [main,20] - SMAX集成服务项目启动
22:21:05.180 [main] INFO  c.m.i.Constants - [Initialize,43] - begin---------
22:21:05.180 [main] INFO  c.m.i.Constants - [Initialize,44] - begin---------
22:22:41.326 [main] INFO  c.m.smax.Application - [logStarting,50] - Starting Application on tzhutp with PID 32380 (C:\OLD\IDEA_Projects\Dev\SMAX-restful\target\classes started by tzhu in C:\OLD\IDEA_Projects\Dev\SMAX-restful)
22:22:41.330 [main] INFO  c.m.smax.Application - [logStartupProfileInfo,650] - The following profiles are active: dev
22:22:43.023 [main] INFO  o.a.c.h.Http11NioProtocol - [log,173] - Initializing ProtocolHandler ["http-nio-8000"]
22:22:43.036 [main] INFO  o.a.c.c.StandardService - [log,173] - Starting service [Tomcat]
22:22:43.036 [main] INFO  o.a.c.c.StandardEngine - [log,173] - Starting Servlet engine: [Apache Tomcat/9.0.21]
22:22:43.233 [main] INFO  o.a.c.c.C.[.[.[/SMAX-Restful] - [log,173] - Initializing Spring embedded WebApplicationContext
22:22:43.688 [main] INFO  s.d.s.w.PropertySourcedRequestMappingHandlerMapping - [initHandlerMethods,69] - Mapped URL path [/v2/api-docs] onto method [public org.springframework.http.ResponseEntity<springfox.documentation.spring.web.json.Json> springfox.documentation.swagger2.web.Swagger2Controller.getDocumentation(java.lang.String,javax.servlet.http.HttpServletRequest)]
22:22:44.547 [main] INFO  s.d.s.w.p.DocumentationPluginsBootstrapper - [start,147] - Context refreshed
22:22:44.568 [main] INFO  s.d.s.w.p.DocumentationPluginsBootstrapper - [start,150] - Found 1 custom documentation plugin(s)
22:22:44.607 [main] INFO  s.d.s.w.s.ApiListingReferenceScanner - [scan,41] - Scanning for api listing references
22:22:44.783 [main] INFO  o.a.c.h.Http11NioProtocol - [log,173] - Starting ProtocolHandler ["http-nio-8000"]
22:22:44.822 [main] INFO  c.m.smax.Application - [logStarted,59] - Started Application in 3.955 seconds (JVM running for 5.88)
22:22:44.825 [main] INFO  c.m.smax.Application - [main,20] - SMAX集成服务项目启动
22:22:44.827 [main] INFO  c.m.i.Constants - [Initialize,43] - begin---------
22:22:44.828 [main] INFO  c.m.i.Constants - [Initialize,44] - begin---------
22:22:44.830 [main] INFO  c.m.i.Constants - [Initialize,57] - https://us1-smax.saas.microfocus.com/auth/authentication-endpoint/authenticate/login?TENANTID=18256
22:22:44.831 [main] INFO  c.m.i.Constants - [Initialize,63] - https://us1-smax.saas.microfocus.com/rest/18256/ems/Request/TICKETID?layout=UserOptionsName,Ola,Sla,LastChatRequestTime,SLTAggregatedStatus,ApprovalStatus,FirstTouch,UserAction,SupportDurationTime,PublicScope,OwnedByPerson,TaskPlanForFirstLineSupport,SLT,EntitySettings,PreferredContactMethod,ImpactStart,SkipEndUserAcceptance,RegisteredForServiceComponent,Status,ServiceDeskGroup,PhaseId,IsDeleted,Turntype2_c,ResolvedByPerson,RecurringPeriod,RegisteredForDevice,ExpertGroup,Id,CurrentAssignment,TaskPlanForReview,Description,RegisteredForSubscription,CostType,RecordedByPerson,RegisteredForInfrastructurePeripheral,EmsCreationTime,ChatStatus,AssignedToGroup,Solution,RequestAttachments,CreateTime,RequestedForProject,CreatesIdea,NumberOfRelatedRecords,EndDate,DeliveredToLocation,OfferingWorkflow,CloseTime,RequestedForPerson,IsBundle,RegisteredForLocation,ExplicitStakeholders,DisplayLabel,NextTargetTime,Name,TasksWorkspace,StartDate,TaskPlanForClassify,ExpertAssignee,RecurringCost,LastUpdateTime,DetectedEntities,CaseExchangeExternalOperation,CompletionCode,RequestBundle,DataDomains,KnowledgeCandidate,CaseExchangeEnabled,Priority,AllStakeholders,Active,Unnamed3_c,Expire,TasksInternalData,ExternalProcessReference,DescriptionDeviceDetection,RequestType,UserOptions,Category,RegisteredForActualService,ExpectedCompletionTime,ClosedByPerson,Cost,TaskPlanForEscalate,TaskPlanForApprove,RationalizedToAssetModel,PurchaseOrderLine,CostCurrency,RequestedByPerson,CostCenter,RequestSettings,AssignedToPerson,LastActiveTime,ImpactEnd,NumberOfAttachments,Notes,TaskPlanForFulfill,Turntype1_c,Comments,Quantity,ServiceImpacted,RequestToCompany,Lifetime,SubscriptionActionType,Unnamed2_c,ImpactScope,FirstLine,CreationSource,ProcessId,Urgency,RequestsOffering
09:45:17.737 [main] INFO  c.m.i.Constants - [Initialize,54] - https://us1-smax.saas.microfocus.com/auth/authentication-endpoint/authenticate/login?TENANTID=18256
09:45:17.763 [main] INFO  c.m.i.Constants - [Initialize,60] - https://us1-smax.saas.microfocus.com/rest/18256/ems/Request/TICKETID?layout=UserOptionsName,Ola,Sla,LastChatRequestTime,SLTAggregatedStatus,ApprovalStatus,FirstTouch,UserAction,SupportDurationTime,PublicScope,OwnedByPerson,TaskPlanForFirstLineSupport,SLT,EntitySettings,PreferredContactMethod,ImpactStart,SkipEndUserAcceptance,RegisteredForServiceComponent,Status,ServiceDeskGroup,PhaseId,IsDeleted,Turntype2_c,ResolvedByPerson,RecurringPeriod,RegisteredForDevice,ExpertGroup,Id,CurrentAssignment,TaskPlanForReview,Description,RegisteredForSubscription,CostType,RecordedByPerson,RegisteredForInfrastructurePeripheral,EmsCreationTime,ChatStatus,AssignedToGroup,Solution,RequestAttachments,CreateTime,RequestedForProject,CreatesIdea,NumberOfRelatedRecords,EndDate,DeliveredToLocation,OfferingWorkflow,CloseTime,RequestedForPerson,IsBundle,RegisteredForLocation,ExplicitStakeholders,DisplayLabel,NextTargetTime,Name,TasksWorkspace,StartDate,TaskPlanForClassify,ExpertAssignee,RecurringCost,LastUpdateTime,DetectedEntities,CaseExchangeExternalOperation,CompletionCode,RequestBundle,DataDomains,KnowledgeCandidate,CaseExchangeEnabled,Priority,AllStakeholders,Active,Unnamed3_c,Expire,TasksInternalData,ExternalProcessReference,DescriptionDeviceDetection,RequestType,UserOptions,Category,RegisteredForActualService,ExpectedCompletionTime,ClosedByPerson,Cost,TaskPlanForEscalate,TaskPlanForApprove,RationalizedToAssetModel,PurchaseOrderLine,CostCurrency,RequestedByPerson,CostCenter,RequestSettings,AssignedToPerson,LastActiveTime,ImpactEnd,NumberOfAttachments,Notes,TaskPlanForFulfill,Turntype1_c,Comments,Quantity,ServiceImpacted,RequestToCompany,Lifetime,SubscriptionActionType,Unnamed2_c,ImpactScope,FirstLine,CreationSource,ProcessId,Urgency,RequestsOffering
09:50:14.460 [main] INFO  c.m.i.Constants - [Initialize,54] - https://us1-smax.saas.microfocus.com/auth/authentication-endpoint/authenticate/login?TENANTID=532557688
09:50:14.464 [main] INFO  c.m.i.Constants - [Initialize,60] - https://us1-smax.saas.microfocus.com/rest/532557688/ems/Request/TICKETID?layout=UserOptionsName,Ola,Sla,LastChatRequestTime,SLTAggregatedStatus,ApprovalStatus,FirstTouch,UserAction,SupportDurationTime,PublicScope,OwnedByPerson,TaskPlanForFirstLineSupport,SLT,EntitySettings,PreferredContactMethod,ImpactStart,SkipEndUserAcceptance,RegisteredForServiceComponent,Status,ServiceDeskGroup,PhaseId,IsDeleted,Turntype2_c,ResolvedByPerson,RecurringPeriod,RegisteredForDevice,ExpertGroup,Id,CurrentAssignment,TaskPlanForReview,Description,RegisteredForSubscription,CostType,RecordedByPerson,RegisteredForInfrastructurePeripheral,EmsCreationTime,ChatStatus,AssignedToGroup,Solution,RequestAttachments,CreateTime,RequestedForProject,CreatesIdea,NumberOfRelatedRecords,EndDate,DeliveredToLocation,OfferingWorkflow,CloseTime,RequestedForPerson,IsBundle,RegisteredForLocation,ExplicitStakeholders,DisplayLabel,NextTargetTime,Name,TasksWorkspace,StartDate,TaskPlanForClassify,ExpertAssignee,RecurringCost,LastUpdateTime,DetectedEntities,CaseExchangeExternalOperation,CompletionCode,RequestBundle,DataDomains,KnowledgeCandidate,CaseExchangeEnabled,Priority,AllStakeholders,Active,Unnamed3_c,Expire,TasksInternalData,ExternalProcessReference,DescriptionDeviceDetection,RequestType,UserOptions,Category,RegisteredForActualService,ExpectedCompletionTime,ClosedByPerson,Cost,TaskPlanForEscalate,TaskPlanForApprove,RationalizedToAssetModel,PurchaseOrderLine,CostCurrency,RequestedByPerson,CostCenter,RequestSettings,AssignedToPerson,LastActiveTime,ImpactEnd,NumberOfAttachments,Notes,TaskPlanForFulfill,Turntype1_c,Comments,Quantity,ServiceImpacted,RequestToCompany,Lifetime,SubscriptionActionType,Unnamed2_c,ImpactScope,FirstLine,CreationSource,ProcessId,Urgency,RequestsOffering
09:53:39.245 [main] INFO  c.m.i.HttpUtil - [postJSONRequest,155] - http://inst2.infoclue.net:8000/SMAX-Restful/incident/createbyalert
09:57:35.312 [main] INFO  c.m.i.HttpUtil - [postJSONRequest,155] - http://inst2.infoclue.net:8000/SMAX-Restful/incident/createbyalert
09:59:11.613 [main] INFO  c.m.i.HttpUtil - [postJSONRequest,155] - http://inst2.infoclue.net:8000/SMAX-Restful/incident/createbyalert
09:59:11.622 [main] INFO  c.m.i.HttpUtil - [postJSONRequest,174] - 9999
09:59:46.214 [main] INFO  c.m.i.HttpUtil - [postJSONRequest,155] - http://inst2.infoclue.net:8000/SMAX-Restful/incident/createbyalert
09:59:46.221 [main] INFO  c.m.i.HttpUtil - [postJSONRequest,174] - 9999
09:59:47.757 [main] INFO  c.m.i.HttpUtil - [postJSONRequest,177] - response HTTP/1.1 400 
09:59:47.759 [main] INFO  c.m.i.HttpUtil - [postJSONRequest,181] - Result::{"timestamp":"2021-10-23T01:59:45.787+0000","status":400,"error":"Bad Request","message":"JSON parse error: Unexpected character (''' (code 39)): was expecting double-quote to start field name; nested exception is com.fasterxml.jackson.core.JsonParseException: Unexpected character (''' (code 39)): was expecting double-quote to start field name\n at [Source: (PushbackInputStream); line: 1, column: 3]","path":"/SMAX-Restful/incident/createbyalert"}
10:01:10.122 [main] INFO  c.m.i.HttpUtil - [postJSONRequest,155] - http://inst2.infoclue.net:8000/SMAX-Restful/incident/createbyalert
10:01:10.132 [main] INFO  c.m.i.HttpUtil - [postJSONRequest,174] - 9999
10:01:14.559 [main] INFO  c.m.i.HttpUtil - [postJSONRequest,177] - response HTTP/1.1 200 
10:01:14.561 [main] INFO  c.m.i.HttpUtil - [postJSONRequest,181] - Result::{"entity_result_list":[{"entity":{"entity_type":"Incident","properties":{"LastUpdateTime":1634954472414,"Id":"85074"},"related_properties":{}},"completion_status":"OK"}],"relationship_result_list":[],"translation_result_list":[],"meta":{"completion_status":"OK"}}
10:17:21.462 [main] INFO  c.m.i.HttpUtil - [postJSONRequest,155] - http://inst2.infoclue.net:8000/SMAX-Restful/incident/createbyalert
10:17:21.470 [main] INFO  c.m.i.HttpUtil - [postJSONRequest,174] - 9999
10:17:23.603 [main] INFO  c.m.i.HttpUtil - [postJSONRequest,177] - response HTTP/1.1 200 
10:17:23.605 [main] INFO  c.m.i.HttpUtil - [postJSONRequest,181] - Result::
10:22:30.498 [main] INFO  c.m.i.HttpUtil - [postJSONRequest,155] - http://inst2.infoclue.net:8000/SMAX-Restful/incident/createbyalert
10:22:30.504 [main] INFO  c.m.i.HttpUtil - [postJSONRequest,174] - 9999
10:22:32.280 [main] INFO  c.m.i.HttpUtil - [postJSONRequest,177] - response HTTP/1.1 200 
10:22:32.282 [main] INFO  c.m.i.HttpUtil - [postJSONRequest,181] - Result::
11:00:23.533 [main] INFO  c.m.i.HttpUtil - [postJSONRequest,155] - http://inst2.infoclue.net:8000/SMAX-Restful/incident/createbyalert
11:00:23.541 [main] INFO  c.m.i.HttpUtil - [postJSONRequest,174] - 9999
11:00:25.269 [main] INFO  c.m.i.HttpUtil - [postJSONRequest,177] - response HTTP/1.1 500 
11:00:25.272 [main] INFO  c.m.i.HttpUtil - [postJSONRequest,181] - Result::<!doctype html><html lang="en"><head><title>HTTP Status 500 – Internal Server Error</title><style type="text/css">h1 {font-family:Tahoma,Arial,sans-serif;color:white;background-color:#525D76;font-size:22px;} h2 {font-family:Tahoma,Arial,sans-serif;color:white;background-color:#525D76;font-size:16px;} h3 {font-family:Tahoma,Arial,sans-serif;color:white;background-color:#525D76;font-size:14px;} body {font-family:Tahoma,Arial,sans-serif;color:black;background-color:white;} b {font-family:Tahoma,Arial,sans-serif;color:white;background-color:#525D76;} p {font-family:Tahoma,Arial,sans-serif;background:white;color:black;font-size:12px;} a {color:black;} a.name {color:black;} .line {height:1px;background-color:#525D76;border:none;}</style></head><body><h1>HTTP Status 500 – Internal Server Error</h1></body></html>
11:04:57.272 [main] INFO  c.m.i.HttpUtil - [postJSONRequest,155] - http://inst2.infoclue.net:8000/SMAX-Restful/incident/createbyalert
11:04:57.280 [main] INFO  c.m.i.HttpUtil - [postJSONRequest,174] - 9999
11:04:59.071 [main] INFO  c.m.i.HttpUtil - [postJSONRequest,177] - response HTTP/1.1 500 
11:04:59.075 [main] INFO  c.m.i.HttpUtil - [postJSONRequest,181] - Result::<!doctype html><html lang="en"><head><title>HTTP Status 500 – Internal Server Error</title><style type="text/css">h1 {font-family:Tahoma,Arial,sans-serif;color:white;background-color:#525D76;font-size:22px;} h2 {font-family:Tahoma,Arial,sans-serif;color:white;background-color:#525D76;font-size:16px;} h3 {font-family:Tahoma,Arial,sans-serif;color:white;background-color:#525D76;font-size:14px;} body {font-family:Tahoma,Arial,sans-serif;color:black;background-color:white;} b {font-family:Tahoma,Arial,sans-serif;color:white;background-color:#525D76;} p {font-family:Tahoma,Arial,sans-serif;background:white;color:black;font-size:12px;} a {color:black;} a.name {color:black;} .line {height:1px;background-color:#525D76;border:none;}</style></head><body><h1>HTTP Status 500 – Internal Server Error</h1></body></html>
11:13:36.895 [main] INFO  c.m.i.HttpUtil - [postJSONRequest,155] - http://inst2.infoclue.net:8000/SMAX-Restful/incident/createbyalert
11:13:36.903 [main] INFO  c.m.i.HttpUtil - [postJSONRequest,174] - 9999
11:13:42.854 [main] INFO  c.m.i.HttpUtil - [postJSONRequest,177] - response HTTP/1.1 200 
11:13:42.857 [main] INFO  c.m.i.HttpUtil - [postJSONRequest,181] - Result::{"entity_result_list":[{"entity":{"entity_type":"Incident","properties":{"LastUpdateTime":1634958820569,"Id":"85282"},"related_properties":{}},"completion_status":"OK"}],"relationship_result_list":[],"translation_result_list":[],"meta":{"completion_status":"OK"}}
11:43:07.010 [main] INFO  c.m.i.HttpUtil - [postJSONRequest,155] - http://inst2.infoclue.net:8000/SMAX-Restful/ticket/retrieve
11:43:07.019 [main] INFO  c.m.i.HttpUtil - [postJSONRequest,174] - 9999
11:43:14.590 [main] INFO  c.m.i.HttpUtil - [postJSONRequest,177] - response HTTP/1.1 200 
11:43:14.592 [main] INFO  c.m.i.HttpUtil - [postJSONRequest,181] - Result::{"entities":[],"meta":{"completion_status":"FAILED","errorDetails":{"httpStatus":500,"message":"The server encountered an unexpected condition which prevented it from fulfilling the request","developer_message":"","message_key":"500","message_rb":"locale/platform_errors","message_arguments":[]},"total_count":0,"errorDetailsList":[],"errorDetailsMetaList":[]}}
11:56:57.212 [main] INFO  c.m.i.HttpUtil - [postJSONRequest,155] - http://inst2.infoclue.net:8000/SMAX-Restful/ticket/retrieve
11:56:57.220 [main] INFO  c.m.i.HttpUtil - [postJSONRequest,174] - 9999
11:57:02.123 [main] INFO  c.m.i.HttpUtil - [postJSONRequest,177] - response HTTP/1.1 200 
11:57:02.128 [main] INFO  c.m.i.HttpUtil - [postJSONRequest,181] - Result::{"entities":[{"entity_type":"Incident","properties":{"DisplayLabel":"\"alertname\":\"UATTESTING\",\"instance\":\"172.21.16.11:9100\",\"job\":\"node\",\"severity\":\"warning\"","FirstTouch":true,"LastUpdateTime":1634958841175,"Status":"Ready","PhaseId":"Classify","IsDeleted":false,"DataDomains":["Public"],"Priority":"LowPriority","Active":true,"Id":"85282","CurrentAssignment":"ServiceDesk","Description":"\"description\":\"172.21.16.11:9100: Memory usage is above 30 (current value is:62.81925065332021)\",\"summary\":\"172.21.16.11:9100: High Memory usage detected\"\u003c/n\u003e Created By AlertManager","Source":"Direct","EmsCreationTime":1634958820569,"NumberOfAttachments":0,"NumberOfRelatedRecords":0,"ImpactScope":"SingleUser","SnowResponse_c":"1","ProcessId":"normal","ModelWorkflow":"0","Urgency":"SlightDisruption"},"related_properties":{"ServiceDeskGroup":{"Id":"20048","Name":"Starbucks Digital应用运维组"},"LastUpdatedByPerson":{"Upn":"gnzhutan@outlook.com","IsVIP":false,"Id":"18256","OrganizationalGroup":"10786","Avatar":"99d0e3bd-2b31-48dd-9700-ddede0c7af6b","Name":"Zhu, Dani"},"RegisteredForActualService":{"SubType":"BusinessService","Id":"11472","DisplayLabel":"Shipping"},"RequestedByPerson":{"Upn":"gnzhutan@outlook.com","IsVIP":false,"Id":"18256","OrganizationalGroup":"10786","Avatar":"99d0e3bd-2b31-48dd-9700-ddede0c7af6b","Name":"Zhu, Dani"},"EntityModel":{"Description":"Incident model for the integration between ZhuQue and 7mo","ModelType":"Incident","Id":"64509","DisplayLabel":"ZhuQue7moModel"},"SLT":{"SLATargetDate":1634958940571,"TargetDate":1634958940571,"Id":"85281","DisplayLabel":"SLT for low priority ( incident )"},"AssignedGroup":{"Id":"20048","Name":"Starbucks Digital应用运维组"}}}],"meta":{"completion_status":"OK","total_count":0,"errorDetailsList":[],"errorDetailsMetaList":[],"query_time":1634961419583416}}
11:58:00.759 [main] INFO  c.m.i.HttpUtil - [postJSONRequest,155] - http://inst2.infoclue.net:8000/SMAX-Restful/incident/createbyalertmanager
11:58:00.764 [main] INFO  c.m.i.HttpUtil - [postJSONRequest,174] - 9999
11:58:06.362 [main] INFO  c.m.i.HttpUtil - [postJSONRequest,177] - response HTTP/1.1 200 
11:58:06.364 [main] INFO  c.m.i.HttpUtil - [postJSONRequest,181] - Result::{"entity_result_list":[{"entity":{"entity_type":"Incident","properties":{"LastUpdateTime":1634961484094,"Id":"85078"},"related_properties":{}},"completion_status":"OK"}],"relationship_result_list":[],"translation_result_list":[],"meta":{"completion_status":"OK"}}
21:50:45.490 [main] INFO  c.m.i.HttpUtil - [postJSONRequest,144] - http://inst2.infoclue.net:8000/SMAX-Restful/incident/alertmanager
21:50:45.497 [main] INFO  c.m.i.HttpUtil - [postJSONRequest,163] - 9999
21:50:51.794 [main] INFO  c.m.i.HttpUtil - [postJSONRequest,166] - response HTTP/1.1 200 
21:50:51.795 [main] INFO  c.m.i.HttpUtil - [postJSONRequest,170] - Result::{"entity_result_list":[{"entity":{"entity_type":"Incident","properties":{"LastUpdateTime":1634997051364,"Id":"84488"},"related_properties":{}},"completion_status":"OK"}],"relationship_result_list":[],"translation_result_list":[],"meta":{"completion_status":"OK"}}
21:59:27.952 [main] INFO  c.m.i.HttpUtil - [postJSONRequest,144] - http://inst2.infoclue.net:8000/SMAX-Restful/incident/alertmanager
21:59:27.959 [main] INFO  c.m.i.HttpUtil - [postJSONRequest,163] - 9999
21:59:34.415 [main] INFO  c.m.i.HttpUtil - [postJSONRequest,166] - response HTTP/1.1 200 
21:59:34.417 [main] INFO  c.m.i.HttpUtil - [postJSONRequest,170] - Result::{"entity_result_list":[{"entity":{"entity_type":"Incident","properties":{"LastUpdateTime":1634997574021,"Id":"84490"},"related_properties":{}},"completion_status":"OK"}],"relationship_result_list":[],"translation_result_list":[],"meta":{"completion_status":"OK"}}
22:01:24.106 [main] INFO  c.m.i.HttpUtil - [postJSONRequest,144] - http://inst2.infoclue.net:8000/SMAX-Restful/ticket/retrieve
22:01:24.112 [main] INFO  c.m.i.HttpUtil - [postJSONRequest,163] - 9999
22:01:29.274 [main] INFO  c.m.i.HttpUtil - [postJSONRequest,166] - response HTTP/1.1 200 
22:01:29.277 [main] INFO  c.m.i.HttpUtil - [postJSONRequest,170] - Result::{"entities":[{"entity_type":"Incident","properties":{"DisplayLabel":"alertname\u003dUATTESTING, instance\u003d172.21.16.11:9100, job\u003dnode, severity\u003dwarning","FirstTouch":true,"LastUpdateTime":1634997588367,"Status":"Ready","PhaseId":"Classify","IsDeleted":false,"DataDomains":["Public"],"Priority":"LowPriority","Active":true,"Id":"84490","CurrentAssignment":"ServiceDesk","Description":"description\u003d172.21.16.11:9100: Memory usage is above 30 (current value is:62.81925065332021), summary\u003d172.21.16.11:9100: High Memory usage detected\u003cp\u003e-----------------\u003c/p\u003e \u003cp\u003eCreated By AlertManager\u003c/p\u003e","Source":"Direct","EmsCreationTime":1634997574021,"NumberOfAttachments":0,"NumberOfRelatedRecords":0,"ImpactScope":"SingleUser","SnowResponse_c":"1","ProcessId":"normal","ModelWorkflow":"0","Urgency":"SlightDisruption"},"related_properties":{"ServiceDeskGroup":{"Id":"20048","Name":"Starbucks Digital应用运维组"},"LastUpdatedByPerson":{"Upn":"gnzhutan@outlook.com","IsVIP":false,"Id":"18256","OrganizationalGroup":"10786","Avatar":"99d0e3bd-2b31-48dd-9700-ddede0c7af6b","Name":"Zhu, Dani"},"RegisteredForActualService":{"SubType":"BusinessService","Id":"11472","DisplayLabel":"Shipping"},"RequestedByPerson":{"Upn":"gnzhutan@outlook.com","IsVIP":false,"Id":"18256","OrganizationalGroup":"10786","Avatar":"99d0e3bd-2b31-48dd-9700-ddede0c7af6b","Name":"Zhu, Dani"},"EntityModel":{"Description":"Incident model for the integration between ZhuQue and 7mo","ModelType":"Incident","Id":"64509","DisplayLabel":"ZhuQue7moModel"},"SLT":{"SLATargetDate":1634997694023,"TargetDate":1634997694023,"Id":"84489","DisplayLabel":"SLT for low priority ( incident )"},"AssignedGroup":{"Id":"20048","Name":"Starbucks Digital应用运维组"}}}],"meta":{"completion_status":"OK","total_count":0,"errorDetailsList":[],"errorDetailsMetaList":[],"query_time":1634997688752230}}
22:18:44.218 [main] INFO  c.m.i.HttpUtil - [postJSONRequest,144] - http://inst2.infoclue.net:8000/SMAX-Restful/ticket/retrieve
22:18:49.426 [main] INFO  c.m.i.HttpUtil - [postJSONRequest,164] - response HTTP/1.1 200 
22:18:49.429 [main] INFO  c.m.i.HttpUtil - [postJSONRequest,168] - Result::{"entities":[{"entity_type":"Incident","properties":{"DisplayLabel":"alertname\u003dUATTESTING, instance\u003d172.21.16.11:9100, job\u003dnode, severity\u003dwarning","FirstTouch":true,"LastUpdateTime":1634997588367,"Status":"Ready","PhaseId":"Classify","IsDeleted":false,"DataDomains":["Public"],"Priority":"LowPriority","Active":true,"Id":"84490","CurrentAssignment":"ServiceDesk","Description":"description\u003d172.21.16.11:9100: Memory usage is above 30 (current value is:62.81925065332021), summary\u003d172.21.16.11:9100: High Memory usage detected\u003cp\u003e-----------------\u003c/p\u003e \u003cp\u003eCreated By AlertManager\u003c/p\u003e","Source":"Direct","EmsCreationTime":1634997574021,"NumberOfAttachments":0,"NumberOfRelatedRecords":0,"ImpactScope":"SingleUser","SnowResponse_c":"1","ProcessId":"normal","ModelWorkflow":"0","Urgency":"SlightDisruption"},"related_properties":{"ServiceDeskGroup":{"Id":"20048","Name":"Starbucks Digital应用运维组"},"LastUpdatedByPerson":{"Upn":"gnzhutan@outlook.com","IsVIP":false,"Id":"18256","OrganizationalGroup":"10786","Avatar":"99d0e3bd-2b31-48dd-9700-ddede0c7af6b","Name":"Zhu, Dani"},"RegisteredForActualService":{"SubType":"BusinessService","Id":"11472","DisplayLabel":"Shipping"},"RequestedByPerson":{"Upn":"gnzhutan@outlook.com","IsVIP":false,"Id":"18256","OrganizationalGroup":"10786","Avatar":"99d0e3bd-2b31-48dd-9700-ddede0c7af6b","Name":"Zhu, Dani"},"EntityModel":{"Description":"Incident model for the integration between ZhuQue and 7mo","ModelType":"Incident","Id":"64509","DisplayLabel":"ZhuQue7moModel"},"SLT":{"SLATargetDate":1634997694023,"TargetDate":1634997694023,"Id":"84489","DisplayLabel":"SLT for low priority ( incident )"},"AssignedGroup":{"Id":"20048","Name":"Starbucks Digital应用运维组"}}}],"meta":{"completion_status":"OK","total_count":0,"errorDetailsList":[],"errorDetailsMetaList":[],"query_time":1634998728839489}}
